0 info it worked if it ends with ok
1 verbose cli [ 'node', '/usr/local/bin/npm', 'install', '-g', 'libzmq' ]
2 info using npm@1.4.28
3 info using node@v0.10.33
4 verbose cache add [ 'libzmq', null ]
5 verbose cache add name=undefined spec="libzmq" args=["libzmq",null]
6 verbose parsed url { protocol: null,
6 verbose parsed url   slashes: null,
6 verbose parsed url   auth: null,
6 verbose parsed url   host: null,
6 verbose parsed url   port: null,
6 verbose parsed url   hostname: null,
6 verbose parsed url   hash: null,
6 verbose parsed url   search: null,
6 verbose parsed url   query: null,
6 verbose parsed url   pathname: 'libzmq',
6 verbose parsed url   path: 'libzmq',
6 verbose parsed url   href: 'libzmq' }
7 silly lockFile ea4f9c67-libzmq libzmq
8 verbose lock libzmq /Users/slp/.npm/ea4f9c67-libzmq.lock
9 silly lockFile ea4f9c67-libzmq libzmq
10 silly lockFile ea4f9c67-libzmq libzmq
11 verbose addNamed [ 'libzmq', '' ]
12 verbose addNamed [ null, '*' ]
13 silly lockFile e747fd56-libzmq libzmq@
14 verbose lock libzmq@ /Users/slp/.npm/e747fd56-libzmq.lock
15 silly addNameRange { name: 'libzmq', range: '*', hasData: false }
16 verbose request where is /libzmq
17 verbose request registry http://registry.npmjs.org/
18 verbose request id 2863da8e8159618c
19 verbose url raw /libzmq
20 verbose url resolving [ 'http://registry.npmjs.org/', './libzmq' ]
21 verbose url resolved http://registry.npmjs.org/libzmq
22 verbose request where is http://registry.npmjs.org/libzmq
23 info trying registry request attempt 1 at 18:11:28
24 http GET http://registry.npmjs.org/libzmq
25 http 404 http://registry.npmjs.org/libzmq
26 verbose headers { server: 'CouchDB/1.5.0 (Erlang OTP/R16B03)',
26 verbose headers   'content-type': 'application/json',
26 verbose headers   'cache-control': 'max-age=0',
26 verbose headers   'content-length': '52',
26 verbose headers   'accept-ranges': 'bytes',
26 verbose headers   date: 'Mon, 15 Dec 2014 10:11:28 GMT',
26 verbose headers   via: '1.1 varnish',
26 verbose headers   age: '0',
26 verbose headers   connection: 'keep-alive',
26 verbose headers   'x-served-by': 'cache-sjc3122-SJC',
26 verbose headers   'x-cache': 'MISS',
26 verbose headers   'x-cache-hits': '0',
26 verbose headers   'x-timer': 'S1418638288.130273,VS0,VE354' }
27 silly registry.get cb [ 404,
27 silly registry.get   { server: 'CouchDB/1.5.0 (Erlang OTP/R16B03)',
27 silly registry.get     'content-type': 'application/json',
27 silly registry.get     'cache-control': 'max-age=0',
27 silly registry.get     'content-length': '52',
27 silly registry.get     'accept-ranges': 'bytes',
27 silly registry.get     date: 'Mon, 15 Dec 2014 10:11:28 GMT',
27 silly registry.get     via: '1.1 varnish',
27 silly registry.get     age: '0',
27 silly registry.get     connection: 'keep-alive',
27 silly registry.get     'x-served-by': 'cache-sjc3122-SJC',
27 silly registry.get     'x-cache': 'MISS',
27 silly registry.get     'x-cache-hits': '0',
27 silly registry.get     'x-timer': 'S1418638288.130273,VS0,VE354' } ]
28 silly lockFile e747fd56-libzmq libzmq@
29 silly lockFile e747fd56-libzmq libzmq@
30 error 404 404 Not Found: libzmq
30 error 404
30 error 404 'libzmq' is not in the npm registry.
30 error 404 You should bug the author to publish it
30 error 404
30 error 404 Note that you can also install from a
30 error 404 tarball, folder, or http url, or git url.
31 error System Darwin 13.4.0
32 error command "node" "/usr/local/bin/npm" "install" "-g" "libzmq"
33 error cwd /Users/slp/Documents/jstest/RequestSite
34 error node -v v0.10.33
35 error npm -v 1.4.28
36 error code E404
37 verbose exit [ 1, true ]
